<?xml version="1.0" encoding="UTF-8"?>
<!-- Generated by org.testng.reporters.JUnitXMLReporter -->
<testsuite ignored="0" hostname="LAPTOP-9UA1RUD6" failures="0" tests="6" name="Test3" time="21.683" errors="0" timestamp="19 Oct 2021 19:38:03 GMT">
  <testcase classname="com.oddskings.testScripts.RegistrationPageValidation" name="launchUrl" time="0.115"/>
  <testcase classname="com.oddskings.testScripts.RegistrationPageValidation" name="enterAccountPageDetails" time="3.821"/>
  <testcase classname="com.oddskings.testScripts.RegistrationPageValidation" name="enterPersonalPageDetails" time="0.605"/>
  <testcase classname="com.oddskings.testScripts.RegistrationPageValidation" name="enterContactPageDetails" time="1.485"/>
  <testcase classname="com.oddskings.testScripts.RegistrationPageValidation" name="enterAddressPageDetails" time="4.727"/>
  <testcase classname="com.oddskings.testScripts.RegistrationPageValidation" name="enterSettingsPageDetails" time="2.734"/>
</testsuite> <!-- Test3 -->
