<?xml version="1.0" encoding="UTF-8"?>
<!-- Generated by org.testng.reporters.JUnitXMLReporter -->
<testsuite ignored="6" hostname="LAPTOP-9UA1RUD6" failures="0" tests="4" name="Test" time="14.991" errors="0" timestamp="19 Oct 2021 16:41:40 GMT">
  <testcase classname="com.oddskings.testScripts.CountryCountValidation" name="applicationCode" time="0.681"/>
  <testcase classname="com.oddskings.testScripts.ServiceKeyValidation" name="applicationCode" time="0.071"/>
  <testcase classname="com.oddskings.testScripts.RegistrationPageValidation" name="launchUrl" time="0.534"/>
  <testcase classname="com.oddskings.testScripts.FilterResultsValidation" name="clickResult" time="1.098"/>
  <testcase classname="com.oddskings.baseClassCode.BaseClass" name="@BeforeSuite createTestResultFile" time="0.0">
    <ignored/>
  </testcase> <!-- @BeforeSuite createTestResultFile -->
  <testcase classname="com.oddskings.baseClassCode.BaseClass" name="@BeforeSuite createTestResultFile" time="0.0">
    <ignored/>
  </testcase> <!-- @BeforeSuite createTestResultFile -->
  <testcase classname="com.oddskings.baseClassCode.BaseClass" name="@BeforeSuite createTestResultFile" time="0.0">
    <ignored/>
  </testcase> <!-- @BeforeSuite createTestResultFile -->
  <testcase classname="com.oddskings.baseClassCode.BaseClass" name="@AfterSuite doNothing" time="0.0">
    <ignored/>
  </testcase> <!-- @AfterSuite doNothing -->
  <testcase classname="com.oddskings.baseClassCode.BaseClass" name="@AfterSuite doNothing" time="0.0">
    <ignored/>
  </testcase> <!-- @AfterSuite doNothing -->
  <testcase classname="com.oddskings.baseClassCode.BaseClass" name="@AfterSuite doNothing" time="0.0">
    <ignored/>
  </testcase> <!-- @AfterSuite doNothing -->
</testsuite> <!-- Test -->
