<?xml version="1.0" encoding="UTF-8"?>
<!-- Generated by org.testng.reporters.JUnitXMLReporter -->
<testsuite ignored="0" hostname="LAPTOP-9UA1RUD6" failures="0" tests="6" name="FuntionalTesting1" time="1.696" errors="0" timestamp="19 Oct 2021 15:09:47 GMT">
  <testcase classname="com.oddskings.testScripts.RegistrationPageValidation" name="@BeforeClass setup" time="1.656">
    <failure type="java.lang.NullPointerException" message="Cannot invoke &amp;quot;java.util.Properties.getProperty(String)&amp;quot; because &amp;quot;this.p&amp;quot; is null">
      <![CDATA[java.lang.NullPointerException: Cannot invoke "java.util.Properties.getProperty(String)" because "this.p" is null
at com.oddskings.baseClassCode.BaseClass.ReadProperty(BaseClass.java:78)
at com.oddskings.testScripts.RegistrationPageValidation.setup(RegistrationPageValidation.java:43)
... Removed 26 stack frames]]>
    </failure>
  </testcase> <!-- @BeforeClass setup -->
  <testcase classname="com.oddskings.testScripts.RegistrationPageValidation" name="@AfterClass quit" time="0.0">
    <skipped/>
  </testcase> <!-- @AfterClass quit -->
  <testcase classname="com.oddskings.testScripts.RegistrationPageValidation" name="launchUrl" time="0.0">
    <skipped/>
  </testcase> <!-- launchUrl -->
  <testcase classname="com.oddskings.testScripts.RegistrationPageValidation" name="enterAccountPageDetails" time="0.0">
    <skipped/>
  </testcase> <!-- enterAccountPageDetails -->
  <testcase classname="com.oddskings.testScripts.RegistrationPageValidation" name="enterPersonalPageDetails" time="0.0">
    <skipped/>
  </testcase> <!-- enterPersonalPageDetails -->
  <testcase classname="com.oddskings.testScripts.RegistrationPageValidation" name="enterContactPageDetails" time="0.0">
    <skipped/>
  </testcase> <!-- enterContactPageDetails -->
  <testcase classname="com.oddskings.testScripts.RegistrationPageValidation" name="enterAddressPageDetails" time="0.0">
    <skipped/>
  </testcase> <!-- enterAddressPageDetails -->
  <testcase classname="com.oddskings.testScripts.RegistrationPageValidation" name="enterSettingsPageDetails" time="0.0">
    <skipped/>
  </testcase> <!-- enterSettingsPageDetails -->
</testsuite> <!-- FuntionalTesting1 -->
