<?xml version="1.0" encoding="UTF-8"?>
<!-- Generated by org.testng.reporters.JUnitXMLReporter -->
<testsuite ignored="0" hostname="LAPTOP-9UA1RUD6" failures="0" tests="3" name="FuntionalTesting2" time="1.095" errors="0" timestamp="19 Oct 2021 15:09:48 GMT">
  <testcase classname="com.oddskings.testScripts.FilterResultsValidation" name="@BeforeClass setup" time="1.086">
    <failure type="java.lang.NullPointerException" message="Cannot invoke &amp;quot;java.util.Properties.getProperty(String)&amp;quot; because &amp;quot;this.p&amp;quot; is null">
      <![CDATA[java.lang.NullPointerException: Cannot invoke "java.util.Properties.getProperty(String)" because "this.p" is null
at com.oddskings.baseClassCode.BaseClass.ReadProperty(BaseClass.java:78)
at com.oddskings.testScripts.FilterResultsValidation.setup(FilterResultsValidation.java:45)
... Removed 26 stack frames]]>
    </failure>
  </testcase> <!-- @BeforeClass setup -->
  <testcase classname="com.oddskings.testScripts.FilterResultsValidation" name="@AfterClass quit" time="0.0">
    <skipped/>
  </testcase> <!-- @AfterClass quit -->
  <testcase classname="com.oddskings.testScripts.FilterResultsValidation" name="clickResult" time="0.0">
    <skipped/>
  </testcase> <!-- clickResult -->
  <testcase classname="com.oddskings.testScripts.FilterResultsValidation" name="filterResult" time="0.0">
    <skipped/>
  </testcase> <!-- filterResult -->
  <testcase classname="com.oddskings.testScripts.FilterResultsValidation" name="validateResult" time="0.0">
    <skipped/>
  </testcase> <!-- validateResult -->
</testsuite> <!-- FuntionalTesting2 -->
