<?xml version="1.0" encoding="UTF-8"?>
<!-- Generated by org.testng.reporters.JUnitXMLReporter -->
<testsuite ignored="0" hostname="LAPTOP-9UA1RUD6" failures="0" tests="1" name="FuntionalTesting3" time="0.008" errors="0" timestamp="19 Oct 2021 15:09:48 GMT">
  <testcase classname="com.oddskings.testScripts.CountryCountValidation" name="@BeforeTest setup" time="0.001">
    <failure type="java.lang.NullPointerException" message="Cannot invoke &amp;quot;java.util.Properties.getProperty(String)&amp;quot; because &amp;quot;this.p&amp;quot; is null">
      <![CDATA[java.lang.NullPointerException: Cannot invoke "java.util.Properties.getProperty(String)" because "this.p" is null
at com.oddskings.baseClassCode.BaseClass.ReadProperty(BaseClass.java:78)
at com.oddskings.testScripts.CountryCountValidation.setup(CountryCountValidation.java:39)
... Removed 24 stack frames]]>
    </failure>
  </testcase> <!-- @BeforeTest setup -->
  <testcase classname="com.oddskings.testScripts.CountryCountValidation" name="@AfterTest quit" time="0.0">
    <skipped/>
  </testcase> <!-- @AfterTest quit -->
  <testcase classname="com.oddskings.testScripts.CountryCountValidation" name="applicationCode" time="0.001"/>
</testsuite> <!-- FuntionalTesting3 -->
