<?xml version="1.0" encoding="UTF-8"?>
<!-- Generated by org.testng.reporters.JUnitXMLReporter -->
<testsuite ignored="0" hostname="LAPTOP-9UA1RUD6" failures="0" tests="3" name="FuntionalTesting" time="13.529" errors="0" timestamp="19 Oct 2021 13:49:30 GMT">
  <testcase classname="com.oddskings.testScripts.CountryCountValidation" name="applicationCode" time="0.873"/>
  <testcase classname="com.oddskings.testScripts.ServiceKeyValidation" name="applicationCode" time="0.07"/>
  <testcase classname="com.oddskings.testScripts.RegistrationPageValidation" name="launchUrl" time="0.18"/>
</testsuite> <!-- FuntionalTesting -->
